2025-08-24T22:06:34.654+05:30  INFO 16700 --- [serviceHub_backend] [main] com.servicehub.Application               : Starting Application using Java 21 with PID 16700 (C:\Users\ramuc\OneDrive\Desktop\serviceHub_backend\target\classes started by ramuc in C:\Users\ramuc\OneDrive\Desktop\serviceHub_backend)
2025-08-24T22:06:34.667+05:30 DEBUG 16700 --- [serviceHub_backend] [main] com.servicehub.Application               : Running with Spring Boot v3.5.3, Spring v6.2.8
2025-08-24T22:06:34.667+05:30  INFO 16700 --- [serviceHub_backend] [main] com.servicehub.Application               : No active profile set, falling back to 1 default profile: "default"
2025-08-24T22:06:36.275+05:30  INFO 16700 --- [serviceHub_backend] [main] .s.d.r.c.RepositoryConfigurationDelegate : Multiple Spring Data modules found, entering strict repository configuration mode
2025-08-24T22:06:36.278+05:30  INFO 16700 --- [serviceHub_backend] [main] .s.d.r.c.RepositoryConfigurationDelegate : Bootstrapping Spring Data JPA repositories in DEFAULT mode.
2025-08-24T22:06:36.657+05:30  INFO 16700 --- [serviceHub_backend] [main] .s.d.r.c.RepositoryConfigurationDelegate : Finished Spring Data repository scanning in 364 ms. Found 7 JPA repository interfaces.
2025-08-24T22:06:36.701+05:30  INFO 16700 --- [serviceHub_backend] [main] .s.d.r.c.RepositoryConfigurationDelegate : Multiple Spring Data modules found, entering strict repository configuration mode
2025-08-24T22:06:36.706+05:30  INFO 16700 --- [serviceHub_backend] [main] .s.d.r.c.RepositoryConfigurationDelegate : Bootstrapping Spring Data Redis repositories in DEFAULT mode.
2025-08-24T22:06:36.735+05:30  INFO 16700 --- [serviceHub_backend] [main] .RepositoryConfigurationExtensionSupport : Spring Data Redis - Could not safely identify store assignment for repository candidate interface com.servicehub.repository.CustomerRepository; If you want this repository to be a Redis repository, consider annotating your entities with one of these annotations: org.springframework.data.redis.core.RedisHash (preferred), or consider extending one of the following types with your repository: org.springframework.data.keyvalue.repository.KeyValueRepository
2025-08-24T22:06:36.742+05:30  INFO 16700 --- [serviceHub_backend] [main] .RepositoryConfigurationExtensionSupport : Spring Data Redis - Could not safely identify store assignment for repository candidate interface com.servicehub.repository.LocationsRepository; If you want this repository to be a Redis repository, consider annotating your entities with one of these annotations: org.springframework.data.redis.core.RedisHash (preferred), or consider extending one of the following types with your repository: org.springframework.data.keyvalue.repository.KeyValueRepository
2025-08-24T22:06:36.742+05:30  INFO 16700 --- [serviceHub_backend] [main] .RepositoryConfigurationExtensionSupport : Spring Data Redis - Could not safely identify store assignment for repository candidate interface com.servicehub.repository.ProposalRepo; If you want this repository to be a Redis repository, consider annotating your entities with one of these annotations: org.springframework.data.redis.core.RedisHash (preferred), or consider extending one of the following types with your repository: org.springframework.data.keyvalue.repository.KeyValueRepository
2025-08-24T22:06:36.746+05:30  INFO 16700 --- [serviceHub_backend] [main] .RepositoryConfigurationExtensionSupport : Spring Data Redis - Could not safely identify store assignment for repository candidate interface com.servicehub.repository.ProviderRepository; If you want this repository to be a Redis repository, consider annotating your entities with one of these annotations: org.springframework.data.redis.core.RedisHash (preferred), or consider extending one of the following types with your repository: org.springframework.data.keyvalue.repository.KeyValueRepository
2025-08-24T22:06:36.747+05:30  INFO 16700 --- [serviceHub_backend] [main] .RepositoryConfigurationExtensionSupport : Spring Data Redis - Could not safely identify store assignment for repository candidate interface com.servicehub.repository.RequestsRepo; If you want this repository to be a Redis repository, consider annotating your entities with one of these annotations: org.springframework.data.redis.core.RedisHash (preferred), or consider extending one of the following types with your repository: org.springframework.data.keyvalue.repository.KeyValueRepository
2025-08-24T22:06:36.749+05:30  INFO 16700 --- [serviceHub_backend] [main] .RepositoryConfigurationExtensionSupport : Spring Data Redis - Could not safely identify store assignment for repository candidate interface com.servicehub.repository.ServiceCategoryRepository; If you want this repository to be a Redis repository, consider annotating your entities with one of these annotations: org.springframework.data.redis.core.RedisHash (preferred), or consider extending one of the following types with your repository: org.springframework.data.keyvalue.repository.KeyValueRepository
2025-08-24T22:06:36.751+05:30  INFO 16700 --- [serviceHub_backend] [main] .RepositoryConfigurationExtensionSupport : Spring Data Redis - Could not safely identify store assignment for repository candidate interface com.servicehub.repository.UserRepository; If you want this repository to be a Redis repository, consider annotating your entities with one of these annotations: org.springframework.data.redis.core.RedisHash (preferred), or consider extending one of the following types with your repository: org.springframework.data.keyvalue.repository.KeyValueRepository
2025-08-24T22:06:36.751+05:30  INFO 16700 --- [serviceHub_backend] [main] .s.d.r.c.RepositoryConfigurationDelegate : Finished Spring Data repository scanning in 26 ms. Found 0 Redis repository interfaces.
2025-08-24T22:06:37.734+05:30  INFO 16700 --- [serviceHub_backend] [main] o.s.b.w.embedded.tomcat.TomcatWebServer  : Tomcat initialized with port 8080 (http)
2025-08-24T22:06:37.768+05:30  INFO 16700 --- [serviceHub_backend] [main] o.apache.catalina.core.StandardService   : Starting service [Tomcat]
2025-08-24T22:06:37.768+05:30  INFO 16700 --- [serviceHub_backend] [main] o.apache.catalina.core.StandardEngine    : Starting Servlet engine: [Apache Tomcat/10.1.42]
2025-08-24T22:06:37.883+05:30  INFO 16700 --- [serviceHub_backend] [main] o.a.c.c.C.[Tomcat].[localhost].[/]       : Initializing Spring embedded WebApplicationContext
2025-08-24T22:06:37.883+05:30  INFO 16700 --- [serviceHub_backend] [main] w.s.c.ServletWebServerApplicationContext : Root WebApplicationContext: initialization completed in 3109 ms
2025-08-24T22:06:38.191+05:30  INFO 16700 --- [serviceHub_backend] [main] o.hibernate.jpa.internal.util.LogHelper  : HHH000204: Processing PersistenceUnitInfo [name: default]
2025-08-24T22:06:38.370+05:30  INFO 16700 --- [serviceHub_backend] [main] org.hibernate.Version                    : HHH000412: Hibernate ORM core version 6.6.18.Final
2025-08-24T22:06:38.406+05:30  INFO 16700 --- [serviceHub_backend] [main] o.h.spatial.integration.SpatialService   : HHH80000001: hibernate-spatial integration enabled : true
2025-08-24T22:06:38.474+05:30  INFO 16700 --- [serviceHub_backend] [main] o.h.c.internal.RegionFactoryInitiator    : HHH000026: Second-level cache disabled
2025-08-24T22:06:38.760+05:30  INFO 16700 --- [serviceHub_backend] [main] com.zaxxer.hikari.HikariDataSource       : HikariPool-1 - Starting...
2025-08-24T22:06:39.133+05:30  INFO 16700 --- [serviceHub_backend] [main] com.zaxxer.hikari.pool.HikariPool        : HikariPool-1 - Added connection org.postgresql.jdbc.PgConnection@595814a1
2025-08-24T22:06:39.142+05:30  INFO 16700 --- [serviceHub_backend] [main] com.zaxxer.hikari.HikariDataSource       : HikariPool-1 - Start completed.
2025-08-24T22:06:39.215+05:30  WARN 16700 --- [serviceHub_backend] [main] org.hibernate.orm.deprecation            : HHH90000025: PostgreSQLDialect does not need to be specified explicitly using 'hibernate.dialect' (remove the property setting and it will be selected by default)
2025-08-24T22:06:39.251+05:30  INFO 16700 --- [serviceHub_backend] [main] org.hibernate.orm.connections.pooling    : HHH10001005: Database info:
	Database JDBC URL [Connecting through datasource 'HikariDataSource (HikariPool-1)']
	Database driver: undefined/unknown
	Database version: 17.4
	Autocommit mode: undefined/unknown
	Isolation level: undefined/unknown
	Minimum pool size: undefined/unknown
	Maximum pool size: undefined/unknown
2025-08-24T22:06:39.278+05:30  INFO 16700 --- [serviceHub_backend] [main] org.hibernate.spatial                    : HHH80000003: hibernate-spatial adding type contributions from : org.hibernate.spatial.dialect.postgis.PostgisDialectContributor
2025-08-24T22:06:39.757+05:30  INFO 16700 --- [serviceHub_backend] [main] o.s.o.j.p.SpringPersistenceUnitInfo      : No LoadTimeWeaver setup: ignoring JPA class transformer
2025-08-24T22:06:39.807+05:30  INFO 16700 --- [serviceHub_backend] [main] org.hibernate.spatial                    : HHH80000003: hibernate-spatial adding type contributions from : org.hibernate.spatial.dialect.postgis.PostgisDialectContributor
2025-08-24T22:06:40.667+05:30  INFO 16700 --- [serviceHub_backend] [main] org.hibernate.spatial                    : HHH80000004: hibernate-spatial adding function contributions from : org.hibernate.spatial.dialect.postgis.PostgisDialectContributor
2025-08-24T22:06:42.534+05:30  INFO 16700 --- [serviceHub_backend] [main] o.h.e.t.j.p.i.JtaPlatformInitiator       : HHH000489: No JTA platform available (set 'hibernate.transaction.jta.platform' to enable JTA platform integration)
2025-08-24T22:06:43.526+05:30  INFO 16700 --- [serviceHub_backend] [main] j.LocalContainerEntityManagerFactoryBean : Initialized JPA EntityManagerFactory for persistence unit 'default'
2025-08-24T22:06:44.353+05:30 DEBUG 16700 --- [serviceHub_backend] [main] c.s.security.JwtAuthenticationFilter     : Filter 'jwtAuthenticationFilter' configured for use
2025-08-24T22:06:44.494+05:30  INFO 16700 --- [serviceHub_backend] [main] r$InitializeUserDetailsManagerConfigurer : Global AuthenticationManager configured with UserDetailsService bean with name customUserDetailsService
2025-08-24T22:06:44.598+05:30  INFO 16700 --- [serviceHub_backend] [main] o.s.d.j.r.query.QueryEnhancerFactory     : Hibernate is in classpath; If applicable, HQL parser will be used.
2025-08-24T22:06:47.651+05:30  WARN 16700 --- [serviceHub_backend] [main] JpaBaseConfiguration$JpaWebConfiguration : spring.jpa.open-in-view is enabled by default. Therefore, database queries may be performed during view rendering. Explicitly configure spring.jpa.open-in-view to disable this warning
2025-08-24T22:06:53.271+05:30  INFO 16700 --- [serviceHub_backend] [main] o.s.b.w.embedded.tomcat.TomcatWebServer  : Tomcat started on port 8080 (http) with context path '/'
2025-08-24T22:06:53.283+05:30  INFO 16700 --- [serviceHub_backend] [main] com.servicehub.Application               : Started Application in 19.662 seconds (process running for 20.748)
2025-08-24T22:07:12.783+05:30  INFO 16700 --- [serviceHub_backend] [http-nio-8080-exec-1] o.a.c.c.C.[Tomcat].[localhost].[/]       : Initializing Spring DispatcherServlet 'dispatcherServlet'
2025-08-24T22:07:12.783+05:30  INFO 16700 --- [serviceHub_backend] [http-nio-8080-exec-1] o.s.web.servlet.DispatcherServlet        : Initializing Servlet 'dispatcherServlet'
2025-08-24T22:07:12.783+05:30  INFO 16700 --- [serviceHub_backend] [http-nio-8080-exec-1] o.s.web.servlet.DispatcherServlet        : Completed initialization in 0 ms
2025-08-24T22:07:13.052+05:30  INFO 16700 --- [serviceHub_backend] [http-nio-8080-exec-3] c.servicehub.controller.AuthController   : Received login request: {email=customer1@gmail.com, password=Test1234}
2025-08-24T22:07:15.315+05:30  INFO 16700 --- [serviceHub_backend] [http-nio-8080-exec-4] c.servicehub.controller.UserController   : Profile request for: customer1@gmail.com
2025-08-24T22:07:23.314+05:30  INFO 16700 --- [serviceHub_backend] [http-nio-8080-exec-7] c.s.controller.CustomerController        : Jobs request received from user: customer1@gmail.com
2025-08-24T22:08:51.967+05:30  INFO 16700 --- [serviceHub_backend] [http-nio-8080-exec-10] c.s.controller.CustomerController        : Job details request received from user: customer1@gmail.com
2025-08-24T22:08:57.069+05:30  INFO 16700 --- [serviceHub_backend] [http-nio-8080-exec-1] c.s.controller.CustomerController        : Jobs request received from user: customer1@gmail.com
2025-08-24T22:08:59.761+05:30  INFO 16700 --- [serviceHub_backend] [http-nio-8080-exec-3] c.s.controller.CustomerController        : Jobs request received from user: customer1@gmail.com
2025-08-24T22:18:00.116+05:30  INFO 16700 --- [serviceHub_backend] [http-nio-8080-exec-5] c.servicehub.controller.AuthController   : Received login request: {email=customer1@gmail.com, password=Test1234}
2025-08-24T22:18:01.563+05:30  INFO 16700 --- [serviceHub_backend] [http-nio-8080-exec-7] c.servicehub.controller.UserController   : Profile request for: customer1@gmail.com
2025-08-24T22:18:12.368+05:30  INFO 16700 --- [serviceHub_backend] [http-nio-8080-exec-9] c.servicehub.controller.UserController   : Profile request for: customer1@gmail.com
2025-08-24T22:18:27.770+05:30  INFO 16700 --- [serviceHub_backend] [http-nio-8080-exec-1] c.servicehub.controller.AuthController   : Received login request: {email=provider1@gmail.com, password=Test1234}
2025-08-24T22:18:29.311+05:30  INFO 16700 --- [serviceHub_backend] [http-nio-8080-exec-3] c.servicehub.controller.UserController   : Profile request for: provider1@gmail.com
2025-08-24T22:18:29.323+05:30  INFO 16700 --- [serviceHub_backend] [http-nio-8080-exec-4] c.s.controller.ProviderController        : Nearby jobs requested by provider: provider1@gmail.com
2025-08-24T22:18:29.375+05:30  INFO 16700 --- [serviceHub_backend] [http-nio-8080-exec-4] c.s.controller.ProviderController        : Found 4 jobs near provider
2025-08-24T22:18:32.771+05:30  INFO 16700 --- [serviceHub_backend] [http-nio-8080-exec-6] c.s.controller.ProviderController        : Raised jobs requested by provider: provider1@gmail.com
2025-08-24T22:18:32.787+05:30  INFO 16700 --- [serviceHub_backend] [http-nio-8080-exec-6] c.s.controller.ProviderController        : Found 2 jobs near provider
2025-08-24T22:18:55.594+05:30  INFO 16700 --- [serviceHub_backend] [http-nio-8080-exec-10] c.s.controller.ProviderController        : Nearby jobs requested by provider: provider1@gmail.com
2025-08-24T22:18:55.597+05:30  INFO 16700 --- [serviceHub_backend] [http-nio-8080-exec-9] c.servicehub.controller.UserController   : Profile request for: provider1@gmail.com
2025-08-24T22:18:55.613+05:30  INFO 16700 --- [serviceHub_backend] [http-nio-8080-exec-10] c.s.controller.ProviderController        : Found 4 jobs near provider
2025-08-24T22:18:59.415+05:30  INFO 16700 --- [serviceHub_backend] [http-nio-8080-exec-3] c.servicehub.controller.UserController   : Profile request for: provider1@gmail.com
2025-08-24T22:18:59.449+05:30  INFO 16700 --- [serviceHub_backend] [http-nio-8080-exec-4] c.s.controller.ProviderController        : Nearby jobs requested by provider: provider1@gmail.com
2025-08-24T22:18:59.484+05:30  INFO 16700 --- [serviceHub_backend] [http-nio-8080-exec-4] c.s.controller.ProviderController        : Found 4 jobs near provider
2025-08-24T22:19:08.531+05:30  INFO 16700 --- [serviceHub_backend] [http-nio-8080-exec-8] c.s.controller.CustomerController        : Jobs request received from user: customer1@gmail.com
2025-08-24T22:19:08.557+05:30  INFO 16700 --- [serviceHub_backend] [http-nio-8080-exec-7] c.servicehub.controller.UserController   : Profile request for: customer1@gmail.com
2025-08-24T22:19:36.850+05:30  INFO 16700 --- [serviceHub_backend] [http-nio-8080-exec-2] c.s.controller.CustomerController        : Job request received from user: customer1@gmail.com
2025-08-24T22:19:39.322+05:30  INFO 16700 --- [serviceHub_backend] [http-nio-8080-exec-3] c.servicehub.controller.UserController   : Profile request for: customer1@gmail.com
2025-08-24T22:19:39.340+05:30  INFO 16700 --- [serviceHub_backend] [http-nio-8080-exec-4] c.s.controller.CustomerController        : Jobs request received from user: customer1@gmail.com
2025-08-24T22:20:04.221+05:30  INFO 16700 --- [serviceHub_backend] [http-nio-8080-exec-7] c.servicehub.controller.AuthController   : Received login request: {email=provider1@gmail.com, password=Test1234}
2025-08-24T22:20:05.598+05:30  INFO 16700 --- [serviceHub_backend] [http-nio-8080-exec-2] c.s.controller.ProviderController        : Nearby jobs requested by provider: provider1@gmail.com
2025-08-24T22:20:05.609+05:30  INFO 16700 --- [serviceHub_backend] [http-nio-8080-exec-1] c.servicehub.controller.UserController   : Profile request for: provider1@gmail.com
2025-08-24T22:20:05.636+05:30  INFO 16700 --- [serviceHub_backend] [http-nio-8080-exec-2] c.s.controller.ProviderController        : Found 5 jobs near provider
2025-08-24T22:20:11.944+05:30  INFO 16700 --- [serviceHub_backend] [http-nio-8080-exec-4] c.s.controller.ProviderController        : raisepropsal request recieved from provider: provider1@gmail.com for requestid: REQ_20250824_1
2025-08-24T22:20:13.647+05:30  INFO 16700 --- [serviceHub_backend] [http-nio-8080-exec-8] c.servicehub.controller.UserController   : Profile request for: provider1@gmail.com
2025-08-24T22:20:13.648+05:30  INFO 16700 --- [serviceHub_backend] [http-nio-8080-exec-7] c.s.controller.ProviderController        : Nearby jobs requested by provider: provider1@gmail.com
2025-08-24T22:20:13.687+05:30  INFO 16700 --- [serviceHub_backend] [http-nio-8080-exec-7] c.s.controller.ProviderController        : Found 4 jobs near provider
2025-08-24T22:20:19.143+05:30  INFO 16700 --- [serviceHub_backend] [http-nio-8080-exec-9] c.s.controller.ProviderController        : Raised jobs requested by provider: provider1@gmail.com
2025-08-24T22:20:19.159+05:30  INFO 16700 --- [serviceHub_backend] [http-nio-8080-exec-9] c.s.controller.ProviderController        : Found 3 jobs near provider
2025-08-24T22:20:32.359+05:30  INFO 16700 --- [serviceHub_backend] [http-nio-8080-exec-4] c.s.controller.CustomerController        : Jobs request received from user: customer1@gmail.com
2025-08-24T22:20:32.359+05:30  INFO 16700 --- [serviceHub_backend] [http-nio-8080-exec-3] c.servicehub.controller.UserController   : Profile request for: customer1@gmail.com
2025-08-24T22:21:20.426+05:30  INFO 16700 --- [serviceHub_backend] [http-nio-8080-exec-8] c.servicehub.controller.UserController   : Profile request for: customer1@gmail.com
2025-08-24T22:21:49.522+05:30  INFO 16700 --- [serviceHub_backend] [http-nio-8080-exec-1] c.s.controller.ProviderController        : Services request recieved from provider: provider1@gmail.com
2025-08-24T22:21:49.550+05:30  INFO 16700 --- [serviceHub_backend] [http-nio-8080-exec-1] c.s.controller.ProviderController        : Found 1 jobs near provider
2025-08-24T22:22:04.285+05:30  INFO 16700 --- [serviceHub_backend] [http-nio-8080-exec-4] c.s.controller.ProviderController        : Raised jobs requested by provider: provider1@gmail.com
2025-08-24T22:22:04.303+05:30  INFO 16700 --- [serviceHub_backend] [http-nio-8080-exec-4] c.s.controller.ProviderController        : Found 3 jobs near provider
2025-08-24T22:22:22.216+05:30  INFO 16700 --- [serviceHub_backend] [http-nio-8080-exec-6] c.s.controller.CustomerController        : Jobs request received from user: customer1@gmail.com
2025-08-24T22:25:32.401+05:30  INFO 16700 --- [serviceHub_backend] [http-nio-8080-exec-7] c.servicehub.controller.UserController   : Profile request for: customer1@gmail.com
2025-08-24T22:25:32.414+05:30  INFO 16700 --- [serviceHub_backend] [http-nio-8080-exec-10] c.s.controller.CustomerController        : Jobs request received from user: customer1@gmail.com
2025-08-24T22:27:13.839+05:30  INFO 16700 --- [serviceHub_backend] [http-nio-8080-exec-1] c.s.controller.CustomerController        : Jobs request received from user: customer1@gmail.com
2025-08-24T22:28:10.000+05:30  INFO 16700 --- [serviceHub_backend] [http-nio-8080-exec-5] c.s.controller.CustomerController        : Jobs request received from user: customer1@gmail.com
2025-08-24T22:28:10.007+05:30  INFO 16700 --- [serviceHub_backend] [http-nio-8080-exec-4] c.servicehub.controller.UserController   : Profile request for: customer1@gmail.com
2025-08-24T22:29:48.447+05:30  INFO 16700 --- [serviceHub_backend] [http-nio-8080-exec-7] c.servicehub.controller.UserController   : Profile request for: customer1@gmail.com
2025-08-24T22:29:48.472+05:30  INFO 16700 --- [serviceHub_backend] [http-nio-8080-exec-10] c.s.controller.CustomerController        : Jobs request received from user: customer1@gmail.com
2025-08-24T22:31:43.155+05:30  INFO 16700 --- [serviceHub_backend] [http-nio-8080-exec-3] c.s.controller.CustomerController        : Job update request received from user: customer1@gmail.com
2025-08-24T22:31:43.172+05:30 ERROR 16700 --- [serviceHub_backend] [http-nio-8080-exec-3] o.a.c.c.C.[.[.[/].[dispatcherServlet]    : Servlet.service() for servlet [dispatcherServlet] in context with path [] threw exception [Request processing failed: java.lang.IllegalArgumentException: Request not found with id: 4] with root cause

java.lang.IllegalArgumentException: Request not found with id: 4
	at com.servicehub.service.CustomerService.updateJob(CustomerService.java:65) ~[classes/:na]
	at java.base/jdk.internal.reflect.DirectMethodHandleAccessor.invoke(DirectMethodHandleAccessor.java:103) ~[na:na]
	at java.base/java.lang.reflect.Method.invoke(Method.java:580) ~[na:na]
	at org.springframework.aop.support.AopUtils.invokeJoinpointUsingReflection(AopUtils.java:359) ~[spring-aop-6.2.8.jar:6.2.8]
	at org.springframework.aop.framework.CglibAopProxy$DynamicAdvisedInterceptor.intercept(CglibAopProxy.java:724) ~[spring-aop-6.2.8.jar:6.2.8]
	at com.servicehub.service.CustomerService$$SpringCGLIB$$0.updateJob(<generated>) ~[classes/:na]
	at com.servicehub.controller.CustomerController.updateJob(CustomerController.java:52) ~[classes/:na]
	at java.base/jdk.internal.reflect.DirectMethodHandleAccessor.invoke(DirectMethodHandleAccessor.java:103) ~[na:na]
	at java.base/java.lang.reflect.Method.invoke(Method.java:580) ~[na:na]
	at org.springframework.web.method.support.InvocableHandlerMethod.doInvoke(InvocableHandlerMethod.java:258) ~[spring-web-6.2.8.jar:6.2.8]
	at org.springframework.web.method.support.InvocableHandlerMethod.invokeForRequest(InvocableHandlerMethod.java:191) ~[spring-web-6.2.8.jar:6.2.8]
	at org.springframework.web.servlet.mvc.method.annotation.ServletInvocableHandlerMethod.invokeAndHandle(ServletInvocableHandlerMethod.java:118) ~[spring-webmvc-6.2.8.jar:6.2.8]
	at org.springframework.web.servlet.mvc.method.annotation.RequestMappingHandlerAdapter.invokeHandlerMethod(RequestMappingHandlerAdapter.java:986) ~[spring-webmvc-6.2.8.jar:6.2.8]
	at org.springframework.web.servlet.mvc.method.annotation.RequestMappingHandlerAdapter.handleInternal(RequestMappingHandlerAdapter.java:891) ~[spring-webmvc-6.2.8.jar:6.2.8]
	at org.springframework.web.servlet.mvc.method.AbstractHandlerMethodAdapter.handle(AbstractHandlerMethodAdapter.java:87) ~[spring-webmvc-6.2.8.jar:6.2.8]
	at org.springframework.web.servlet.DispatcherServlet.doDispatch(DispatcherServlet.java:1089) ~[spring-webmvc-6.2.8.jar:6.2.8]
	at org.springframework.web.servlet.DispatcherServlet.doService(DispatcherServlet.java:979) ~[spring-webmvc-6.2.8.jar:6.2.8]
	at org.springframework.web.servlet.FrameworkServlet.processRequest(FrameworkServlet.java:1014) ~[spring-webmvc-6.2.8.jar:6.2.8]
	at org.springframework.web.servlet.FrameworkServlet.doPut(FrameworkServlet.java:925) ~[spring-webmvc-6.2.8.jar:6.2.8]
	at jakarta.servlet.http.HttpServlet.service(HttpServlet.java:593) ~[tomcat-embed-core-10.1.42.jar:6.0]
	at org.springframework.web.servlet.FrameworkServlet.service(FrameworkServlet.java:885) ~[spring-webmvc-6.2.8.jar:6.2.8]
	at jakarta.servlet.http.HttpServlet.service(HttpServlet.java:658) ~[tomcat-embed-core-10.1.42.jar:6.0]
	at org.apache.catalina.core.ApplicationFilterChain.internalDoFilter(ApplicationFilterChain.java:195) ~[tomcat-embed-core-10.1.42.jar:10.1.42]
	at org.apache.catalina.core.ApplicationFilterChain.doFilter(ApplicationFilterChain.java:140) ~[tomcat-embed-core-10.1.42.jar:10.1.42]
	at org.apache.tomcat.websocket.server.WsFilter.doFilter(WsFilter.java:51) ~[tomcat-embed-websocket-10.1.42.jar:10.1.42]
	at org.apache.catalina.core.ApplicationFilterChain.internalDoFilter(ApplicationFilterChain.java:164) ~[tomcat-embed-core-10.1.42.jar:10.1.42]
	at org.apache.catalina.core.ApplicationFilterChain.doFilter(ApplicationFilterChain.java:140) ~[tomcat-embed-core-10.1.42.jar:10.1.42]
	at org.springframework.web.filter.OncePerRequestFilter.doFilter(OncePerRequestFilter.java:110) ~[spring-web-6.2.8.jar:6.2.8]
	at org.apache.catalina.core.ApplicationFilterChain.internalDoFilter(ApplicationFilterChain.java:164) ~[tomcat-embed-core-10.1.42.jar:10.1.42]
	at org.apache.catalina.core.ApplicationFilterChain.doFilter(ApplicationFilterChain.java:140) ~[tomcat-embed-core-10.1.42.jar:10.1.42]
	at org.springframework.web.filter.CompositeFilter$VirtualFilterChain.doFilter(CompositeFilter.java:108) ~[spring-web-6.2.8.jar:6.2.8]
	at org.springframework.web.filter.CompositeFilter$VirtualFilterChain.doFilter(CompositeFilter.java:108) ~[spring-web-6.2.8.jar:6.2.8]
	at org.springframework.security.web.FilterChainProxy.lambda$doFilterInternal$3(FilterChainProxy.java:231) ~[spring-security-web-6.5.1.jar:6.5.1]
	at org.springframework.security.web.FilterChainProxy$VirtualFilterChain.doFilter(FilterChainProxy.java:365) ~[spring-security-web-6.5.1.jar:6.5.1]
	at org.springframework.security.web.access.intercept.AuthorizationFilter.doFilter(AuthorizationFilter.java:101) ~[spring-security-web-6.5.1.jar:6.5.1]
	at org.springframework.security.web.FilterChainProxy$VirtualFilterChain.doFilter(FilterChainProxy.java:374) ~[spring-security-web-6.5.1.jar:6.5.1]
	at org.springframework.security.web.access.ExceptionTranslationFilter.doFilter(ExceptionTranslationFilter.java:125) ~[spring-security-web-6.5.1.jar:6.5.1]
	at org.springframework.security.web.access.ExceptionTranslationFilter.doFilter(ExceptionTranslationFilter.java:119) ~[spring-security-web-6.5.1.jar:6.5.1]
	at org.springframework.security.web.FilterChainProxy$VirtualFilterChain.doFilter(FilterChainProxy.java:374) ~[spring-security-web-6.5.1.jar:6.5.1]
	at org.springframework.security.web.authentication.AnonymousAuthenticationFilter.doFilter(AnonymousAuthenticationFilter.java:100) ~[spring-security-web-6.5.1.jar:6.5.1]
	at org.springframework.security.web.FilterChainProxy$VirtualFilterChain.doFilter(FilterChainProxy.java:374) ~[spring-security-web-6.5.1.jar:6.5.1]
	at org.springframework.security.web.servletapi.SecurityContextHolderAwareRequestFilter.doFilter(SecurityContextHolderAwareRequestFilter.java:179) ~[spring-security-web-6.5.1.jar:6.5.1]
	at org.springframework.security.web.FilterChainProxy$VirtualFilterChain.doFilter(FilterChainProxy.java:374) ~[spring-security-web-6.5.1.jar:6.5.1]
	at org.springframework.security.web.savedrequest.RequestCacheAwareFilter.doFilter(RequestCacheAwareFilter.java:63) ~[spring-security-web-6.5.1.jar:6.5.1]
	at org.springframework.security.web.FilterChainProxy$VirtualFilterChain.doFilter(FilterChainProxy.java:374) ~[spring-security-web-6.5.1.jar:6.5.1]
	at com.servicehub.security.JwtAuthenticationFilter.doFilterInternal(JwtAuthenticationFilter.java:57) ~[classes/:na]
	at org.springframework.web.filter.OncePerRequestFilter.doFilter(OncePerRequestFilter.java:116) ~[spring-web-6.2.8.jar:6.2.8]
	at org.springframework.security.web.FilterChainProxy$VirtualFilterChain.doFilter(FilterChainProxy.java:374) ~[spring-security-web-6.5.1.jar:6.5.1]
	at org.springframework.security.web.authentication.logout.LogoutFilter.doFilter(LogoutFilter.java:107) ~[spring-security-web-6.5.1.jar:6.5.1]
	at org.springframework.security.web.authentication.logout.LogoutFilter.doFilter(LogoutFilter.java:93) ~[spring-security-web-6.5.1.jar:6.5.1]
	at org.springframework.security.web.FilterChainProxy$VirtualFilterChain.doFilter(FilterChainProxy.java:374) ~[spring-security-web-6.5.1.jar:6.5.1]
	at org.springframework.web.filter.OncePerRequestFilter.doFilter(OncePerRequestFilter.java:110) ~[spring-web-6.2.8.jar:6.2.8]
	at org.springframework.security.web.FilterChainProxy$VirtualFilterChain.doFilter(FilterChainProxy.java:374) ~[spring-security-web-6.5.1.jar:6.5.1]
	at org.springframework.web.filter.CorsFilter.doFilterInternal(CorsFilter.java:91) ~[spring-web-6.2.8.jar:6.2.8]
	at org.springframework.web.filter.OncePerRequestFilter.doFilter(OncePerRequestFilter.java:116) ~[spring-web-6.2.8.jar:6.2.8]
	at org.springframework.security.web.FilterChainProxy$VirtualFilterChain.doFilter(FilterChainProxy.java:374) ~[spring-security-web-6.5.1.jar:6.5.1]
	at org.springframework.security.web.header.HeaderWriterFilter.doHeadersAfter(HeaderWriterFilter.java:90) ~[spring-security-web-6.5.1.jar:6.5.1]
	at org.springframework.security.web.header.HeaderWriterFilter.doFilterInternal(HeaderWriterFilter.java:75) ~[spring-security-web-6.5.1.jar:6.5.1]
	at org.springframework.web.filter.OncePerRequestFilter.doFilter(OncePerRequestFilter.java:116) ~[spring-web-6.2.8.jar:6.2.8]
	at org.springframework.security.web.FilterChainProxy$VirtualFilterChain.doFilter(FilterChainProxy.java:374) ~[spring-security-web-6.5.1.jar:6.5.1]
	at org.springframework.security.web.context.SecurityContextHolderFilter.doFilter(SecurityContextHolderFilter.java:82) ~[spring-security-web-6.5.1.jar:6.5.1]
	at org.springframework.security.web.context.SecurityContextHolderFilter.doFilter(SecurityContextHolderFilter.java:69) ~[spring-security-web-6.5.1.jar:6.5.1]
	at org.springframework.security.web.FilterChainProxy$VirtualFilterChain.doFilter(FilterChainProxy.java:374) ~[spring-security-web-6.5.1.jar:6.5.1]
	at org.springframework.security.web.context.request.async.WebAsyncManagerIntegrationFilter.doFilterInternal(WebAsyncManagerIntegrationFilter.java:62) ~[spring-security-web-6.5.1.jar:6.5.1]
	at org.springframework.web.filter.OncePerRequestFilter.doFilter(OncePerRequestFilter.java:116) ~[spring-web-6.2.8.jar:6.2.8]
	at org.springframework.security.web.FilterChainProxy$VirtualFilterChain.doFilter(FilterChainProxy.java:374) ~[spring-security-web-6.5.1.jar:6.5.1]
	at org.springframework.security.web.session.DisableEncodeUrlFilter.doFilterInternal(DisableEncodeUrlFilter.java:42) ~[spring-security-web-6.5.1.jar:6.5.1]
	at org.springframework.web.filter.OncePerRequestFilter.doFilter(OncePerRequestFilter.java:116) ~[spring-web-6.2.8.jar:6.2.8]
	at org.springframework.security.web.FilterChainProxy$VirtualFilterChain.doFilter(FilterChainProxy.java:374) ~[spring-security-web-6.5.1.jar:6.5.1]
	at org.springframework.security.web.FilterChainProxy.doFilterInternal(FilterChainProxy.java:233) ~[spring-security-web-6.5.1.jar:6.5.1]
	at org.springframework.security.web.FilterChainProxy.doFilter(FilterChainProxy.java:191) ~[spring-security-web-6.5.1.jar:6.5.1]
	at org.springframework.web.filter.CompositeFilter$VirtualFilterChain.doFilter(CompositeFilter.java:113) ~[spring-web-6.2.8.jar:6.2.8]
	at org.springframework.web.filter.ServletRequestPathFilter.doFilter(ServletRequestPathFilter.java:52) ~[spring-web-6.2.8.jar:6.2.8]
	at org.springframework.web.filter.CompositeFilter$VirtualFilterChain.doFilter(CompositeFilter.java:113) ~[spring-web-6.2.8.jar:6.2.8]
	at org.springframework.web.filter.CompositeFilter.doFilter(CompositeFilter.java:74) ~[spring-web-6.2.8.jar:6.2.8]
	at org.springframework.security.config.annotation.web.configuration.WebSecurityConfiguration$CompositeFilterChainProxy.doFilter(WebSecurityConfiguration.java:319) ~[spring-security-config-6.5.1.jar:6.5.1]
	at org.springframework.web.filter.CompositeFilter$VirtualFilterChain.doFilter(CompositeFilter.java:113) ~[spring-web-6.2.8.jar:6.2.8]
	at org.springframework.web.servlet.handler.HandlerMappingIntrospector.lambda$createCacheFilter$4(HandlerMappingIntrospector.java:267) ~[spring-webmvc-6.2.8.jar:6.2.8]
	at org.springframework.web.filter.CompositeFilter$VirtualFilterChain.doFilter(CompositeFilter.java:113) ~[spring-web-6.2.8.jar:6.2.8]
	at org.springframework.web.filter.CompositeFilter.doFilter(CompositeFilter.java:74) ~[spring-web-6.2.8.jar:6.2.8]
	at org.springframework.security.config.annotation.web.configuration.WebMvcSecurityConfiguration$CompositeFilterChainProxy.doFilter(WebMvcSecurityConfiguration.java:240) ~[spring-security-config-6.5.1.jar:6.5.1]
	at org.springframework.web.filter.DelegatingFilterProxy.invokeDelegate(DelegatingFilterProxy.java:362) ~[spring-web-6.2.8.jar:6.2.8]
	at org.springframework.web.filter.DelegatingFilterProxy.doFilter(DelegatingFilterProxy.java:278) ~[spring-web-6.2.8.jar:6.2.8]
	at org.apache.catalina.core.ApplicationFilterChain.internalDoFilter(ApplicationFilterChain.java:164) ~[tomcat-embed-core-10.1.42.jar:10.1.42]
	at org.apache.catalina.core.ApplicationFilterChain.doFilter(ApplicationFilterChain.java:140) ~[tomcat-embed-core-10.1.42.jar:10.1.42]
	at org.springframework.web.filter.RequestContextFilter.doFilterInternal(RequestContextFilter.java:100) ~[spring-web-6.2.8.jar:6.2.8]
	at org.springframework.web.filter.OncePerRequestFilter.doFilter(OncePerRequestFilter.java:116) ~[spring-web-6.2.8.jar:6.2.8]
	at org.apache.catalina.core.ApplicationFilterChain.internalDoFilter(ApplicationFilterChain.java:164) ~[tomcat-embed-core-10.1.42.jar:10.1.42]
	at org.apache.catalina.core.ApplicationFilterChain.doFilter(ApplicationFilterChain.java:140) ~[tomcat-embed-core-10.1.42.jar:10.1.42]
	at org.springframework.web.filter.FormContentFilter.doFilterInternal(FormContentFilter.java:93) ~[spring-web-6.2.8.jar:6.2.8]
	at org.springframework.web.filter.OncePerRequestFilter.doFilter(OncePerRequestFilter.java:116) ~[spring-web-6.2.8.jar:6.2.8]
	at org.apache.catalina.core.ApplicationFilterChain.internalDoFilter(ApplicationFilterChain.java:164) ~[tomcat-embed-core-10.1.42.jar:10.1.42]
	at org.apache.catalina.core.ApplicationFilterChain.doFilter(ApplicationFilterChain.java:140) ~[tomcat-embed-core-10.1.42.jar:10.1.42]
	at org.springframework.web.filter.CharacterEncodingFilter.doFilterInternal(CharacterEncodingFilter.java:201) ~[spring-web-6.2.8.jar:6.2.8]
	at org.springframework.web.filter.OncePerRequestFilter.doFilter(OncePerRequestFilter.java:116) ~[spring-web-6.2.8.jar:6.2.8]
	at org.apache.catalina.core.ApplicationFilterChain.internalDoFilter(ApplicationFilterChain.java:164) ~[tomcat-embed-core-10.1.42.jar:10.1.42]
	at org.apache.catalina.core.ApplicationFilterChain.doFilter(ApplicationFilterChain.java:140) ~[tomcat-embed-core-10.1.42.jar:10.1.42]
	at org.apache.catalina.core.StandardWrapperValve.invoke(StandardWrapperValve.java:167) ~[tomcat-embed-core-10.1.42.jar:10.1.42]
	at org.apache.catalina.core.StandardContextValve.invoke(StandardContextValve.java:90) ~[tomcat-embed-core-10.1.42.jar:10.1.42]
	at org.apache.catalina.authenticator.AuthenticatorBase.invoke(AuthenticatorBase.java:483) ~[tomcat-embed-core-10.1.42.jar:10.1.42]
	at org.apache.catalina.core.StandardHostValve.invoke(StandardHostValve.java:116) ~[tomcat-embed-core-10.1.42.jar:10.1.42]
	at org.apache.catalina.valves.ErrorReportValve.invoke(ErrorReportValve.java:93) ~[tomcat-embed-core-10.1.42.jar:10.1.42]
	at org.apache.catalina.core.StandardEngineValve.invoke(StandardEngineValve.java:74) ~[tomcat-embed-core-10.1.42.jar:10.1.42]
	at org.apache.catalina.connector.CoyoteAdapter.service(CoyoteAdapter.java:344) ~[tomcat-embed-core-10.1.42.jar:10.1.42]
	at org.apache.coyote.http11.Http11Processor.service(Http11Processor.java:398) ~[tomcat-embed-core-10.1.42.jar:10.1.42]
	at org.apache.coyote.AbstractProcessorLight.process(AbstractProcessorLight.java:63) ~[tomcat-embed-core-10.1.42.jar:10.1.42]
	at org.apache.coyote.AbstractProtocol$ConnectionHandler.process(AbstractProtocol.java:903) ~[tomcat-embed-core-10.1.42.jar:10.1.42]
	at org.apache.tomcat.util.net.NioEndpoint$SocketProcessor.doRun(NioEndpoint.java:1769) ~[tomcat-embed-core-10.1.42.jar:10.1.42]
	at org.apache.tomcat.util.net.SocketProcessorBase.run(SocketProcessorBase.java:52) ~[tomcat-embed-core-10.1.42.jar:10.1.42]
	at org.apache.tomcat.util.threads.ThreadPoolExecutor.runWorker(ThreadPoolExecutor.java:1189) ~[tomcat-embed-core-10.1.42.jar:10.1.42]
	at org.apache.tomcat.util.threads.ThreadPoolExecutor$Worker.run(ThreadPoolExecutor.java:658) ~[tomcat-embed-core-10.1.42.jar:10.1.42]
	at org.apache.tomcat.util.threads.TaskThread$WrappingRunnable.run(TaskThread.java:63) ~[tomcat-embed-core-10.1.42.jar:10.1.42]
	at java.base/java.lang.Thread.run(Thread.java:1583) ~[na:na]

2025-08-24T22:33:39.745+05:30  INFO 16700 --- [serviceHub_backend] [http-nio-8080-exec-5] c.s.controller.CustomerController        : Job update request received from user: customer1@gmail.com
2025-08-24T22:33:39.745+05:30 ERROR 16700 --- [serviceHub_backend] [http-nio-8080-exec-5] o.a.c.c.C.[.[.[/].[dispatcherServlet]    : Servlet.service() for servlet [dispatcherServlet] in context with path [] threw exception [Request processing failed: java.lang.IllegalArgumentException: Request not found with id: 4] with root cause

java.lang.IllegalArgumentException: Request not found with id: 4
	at com.servicehub.service.CustomerService.updateJob(CustomerService.java:65) ~[classes/:na]
	at java.base/jdk.internal.reflect.DirectMethodHandleAccessor.invoke(DirectMethodHandleAccessor.java:103) ~[na:na]
	at java.base/java.lang.reflect.Method.invoke(Method.java:580) ~[na:na]
	at org.springframework.aop.support.AopUtils.invokeJoinpointUsingReflection(AopUtils.java:359) ~[spring-aop-6.2.8.jar:6.2.8]
	at org.springframework.aop.framework.CglibAopProxy$DynamicAdvisedInterceptor.intercept(CglibAopProxy.java:724) ~[spring-aop-6.2.8.jar:6.2.8]
	at com.servicehub.service.CustomerService$$SpringCGLIB$$0.updateJob(<generated>) ~[classes/:na]
	at com.servicehub.controller.CustomerController.updateJob(CustomerController.java:52) ~[classes/:na]
	at java.base/jdk.internal.reflect.DirectMethodHandleAccessor.invoke(DirectMethodHandleAccessor.java:103) ~[na:na]
	at java.base/java.lang.reflect.Method.invoke(Method.java:580) ~[na:na]
	at org.springframework.web.method.support.InvocableHandlerMethod.doInvoke(InvocableHandlerMethod.java:258) ~[spring-web-6.2.8.jar:6.2.8]
	at org.springframework.web.method.support.InvocableHandlerMethod.invokeForRequest(InvocableHandlerMethod.java:191) ~[spring-web-6.2.8.jar:6.2.8]
	at org.springframework.web.servlet.mvc.method.annotation.ServletInvocableHandlerMethod.invokeAndHandle(ServletInvocableHandlerMethod.java:118) ~[spring-webmvc-6.2.8.jar:6.2.8]
	at org.springframework.web.servlet.mvc.method.annotation.RequestMappingHandlerAdapter.invokeHandlerMethod(RequestMappingHandlerAdapter.java:986) ~[spring-webmvc-6.2.8.jar:6.2.8]
	at org.springframework.web.servlet.mvc.method.annotation.RequestMappingHandlerAdapter.handleInternal(RequestMappingHandlerAdapter.java:891) ~[spring-webmvc-6.2.8.jar:6.2.8]
	at org.springframework.web.servlet.mvc.method.AbstractHandlerMethodAdapter.handle(AbstractHandlerMethodAdapter.java:87) ~[spring-webmvc-6.2.8.jar:6.2.8]
	at org.springframework.web.servlet.DispatcherServlet.doDispatch(DispatcherServlet.java:1089) ~[spring-webmvc-6.2.8.jar:6.2.8]
	at org.springframework.web.servlet.DispatcherServlet.doService(DispatcherServlet.java:979) ~[spring-webmvc-6.2.8.jar:6.2.8]
	at org.springframework.web.servlet.FrameworkServlet.processRequest(FrameworkServlet.java:1014) ~[spring-webmvc-6.2.8.jar:6.2.8]
	at org.springframework.web.servlet.FrameworkServlet.doPut(FrameworkServlet.java:925) ~[spring-webmvc-6.2.8.jar:6.2.8]
	at jakarta.servlet.http.HttpServlet.service(HttpServlet.java:593) ~[tomcat-embed-core-10.1.42.jar:6.0]
	at org.springframework.web.servlet.FrameworkServlet.service(FrameworkServlet.java:885) ~[spring-webmvc-6.2.8.jar:6.2.8]
	at jakarta.servlet.http.HttpServlet.service(HttpServlet.java:658) ~[tomcat-embed-core-10.1.42.jar:6.0]
	at org.apache.catalina.core.ApplicationFilterChain.internalDoFilter(ApplicationFilterChain.java:195) ~[tomcat-embed-core-10.1.42.jar:10.1.42]
	at org.apache.catalina.core.ApplicationFilterChain.doFilter(ApplicationFilterChain.java:140) ~[tomcat-embed-core-10.1.42.jar:10.1.42]
	at org.apache.tomcat.websocket.server.WsFilter.doFilter(WsFilter.java:51) ~[tomcat-embed-websocket-10.1.42.jar:10.1.42]
	at org.apache.catalina.core.ApplicationFilterChain.internalDoFilter(ApplicationFilterChain.java:164) ~[tomcat-embed-core-10.1.42.jar:10.1.42]
	at org.apache.catalina.core.ApplicationFilterChain.doFilter(ApplicationFilterChain.java:140) ~[tomcat-embed-core-10.1.42.jar:10.1.42]
	at org.springframework.web.filter.OncePerRequestFilter.doFilter(OncePerRequestFilter.java:110) ~[spring-web-6.2.8.jar:6.2.8]
	at org.apache.catalina.core.ApplicationFilterChain.internalDoFilter(ApplicationFilterChain.java:164) ~[tomcat-embed-core-10.1.42.jar:10.1.42]
	at org.apache.catalina.core.ApplicationFilterChain.doFilter(ApplicationFilterChain.java:140) ~[tomcat-embed-core-10.1.42.jar:10.1.42]
	at org.springframework.web.filter.CompositeFilter$VirtualFilterChain.doFilter(CompositeFilter.java:108) ~[spring-web-6.2.8.jar:6.2.8]
	at org.springframework.web.filter.CompositeFilter$VirtualFilterChain.doFilter(CompositeFilter.java:108) ~[spring-web-6.2.8.jar:6.2.8]
	at org.springframework.security.web.FilterChainProxy.lambda$doFilterInternal$3(FilterChainProxy.java:231) ~[spring-security-web-6.5.1.jar:6.5.1]
	at org.springframework.security.web.FilterChainProxy$VirtualFilterChain.doFilter(FilterChainProxy.java:365) ~[spring-security-web-6.5.1.jar:6.5.1]
	at org.springframework.security.web.access.intercept.AuthorizationFilter.doFilter(AuthorizationFilter.java:101) ~[spring-security-web-6.5.1.jar:6.5.1]
	at org.springframework.security.web.FilterChainProxy$VirtualFilterChain.doFilter(FilterChainProxy.java:374) ~[spring-security-web-6.5.1.jar:6.5.1]
	at org.springframework.security.web.access.ExceptionTranslationFilter.doFilter(ExceptionTranslationFilter.java:125) ~[spring-security-web-6.5.1.jar:6.5.1]
	at org.springframework.security.web.access.ExceptionTranslationFilter.doFilter(ExceptionTranslationFilter.java:119) ~[spring-security-web-6.5.1.jar:6.5.1]
	at org.springframework.security.web.FilterChainProxy$VirtualFilterChain.doFilter(FilterChainProxy.java:374) ~[spring-security-web-6.5.1.jar:6.5.1]
	at org.springframework.security.web.authentication.AnonymousAuthenticationFilter.doFilter(AnonymousAuthenticationFilter.java:100) ~[spring-security-web-6.5.1.jar:6.5.1]
	at org.springframework.security.web.FilterChainProxy$VirtualFilterChain.doFilter(FilterChainProxy.java:374) ~[spring-security-web-6.5.1.jar:6.5.1]
	at org.springframework.security.web.servletapi.SecurityContextHolderAwareRequestFilter.doFilter(SecurityContextHolderAwareRequestFilter.java:179) ~[spring-security-web-6.5.1.jar:6.5.1]
	at org.springframework.security.web.FilterChainProxy$VirtualFilterChain.doFilter(FilterChainProxy.java:374) ~[spring-security-web-6.5.1.jar:6.5.1]
	at org.springframework.security.web.savedrequest.RequestCacheAwareFilter.doFilter(RequestCacheAwareFilter.java:63) ~[spring-security-web-6.5.1.jar:6.5.1]
	at org.springframework.security.web.FilterChainProxy$VirtualFilterChain.doFilter(FilterChainProxy.java:374) ~[spring-security-web-6.5.1.jar:6.5.1]
	at com.servicehub.security.JwtAuthenticationFilter.doFilterInternal(JwtAuthenticationFilter.java:57) ~[classes/:na]
	at org.springframework.web.filter.OncePerRequestFilter.doFilter(OncePerRequestFilter.java:116) ~[spring-web-6.2.8.jar:6.2.8]
	at org.springframework.security.web.FilterChainProxy$VirtualFilterChain.doFilter(FilterChainProxy.java:374) ~[spring-security-web-6.5.1.jar:6.5.1]
	at org.springframework.security.web.authentication.logout.LogoutFilter.doFilter(LogoutFilter.java:107) ~[spring-security-web-6.5.1.jar:6.5.1]
	at org.springframework.security.web.authentication.logout.LogoutFilter.doFilter(LogoutFilter.java:93) ~[spring-security-web-6.5.1.jar:6.5.1]
	at org.springframework.security.web.FilterChainProxy$VirtualFilterChain.doFilter(FilterChainProxy.java:374) ~[spring-security-web-6.5.1.jar:6.5.1]
	at org.springframework.web.filter.OncePerRequestFilter.doFilter(OncePerRequestFilter.java:110) ~[spring-web-6.2.8.jar:6.2.8]
	at org.springframework.security.web.FilterChainProxy$VirtualFilterChain.doFilter(FilterChainProxy.java:374) ~[spring-security-web-6.5.1.jar:6.5.1]
	at org.springframework.web.filter.CorsFilter.doFilterInternal(CorsFilter.java:91) ~[spring-web-6.2.8.jar:6.2.8]
	at org.springframework.web.filter.OncePerRequestFilter.doFilter(OncePerRequestFilter.java:116) ~[spring-web-6.2.8.jar:6.2.8]
	at org.springframework.security.web.FilterChainProxy$VirtualFilterChain.doFilter(FilterChainProxy.java:374) ~[spring-security-web-6.5.1.jar:6.5.1]
	at org.springframework.security.web.header.HeaderWriterFilter.doHeadersAfter(HeaderWriterFilter.java:90) ~[spring-security-web-6.5.1.jar:6.5.1]
	at org.springframework.security.web.header.HeaderWriterFilter.doFilterInternal(HeaderWriterFilter.java:75) ~[spring-security-web-6.5.1.jar:6.5.1]
	at org.springframework.web.filter.OncePerRequestFilter.doFilter(OncePerRequestFilter.java:116) ~[spring-web-6.2.8.jar:6.2.8]
	at org.springframework.security.web.FilterChainProxy$VirtualFilterChain.doFilter(FilterChainProxy.java:374) ~[spring-security-web-6.5.1.jar:6.5.1]
	at org.springframework.security.web.context.SecurityContextHolderFilter.doFilter(SecurityContextHolderFilter.java:82) ~[spring-security-web-6.5.1.jar:6.5.1]
	at org.springframework.security.web.context.SecurityContextHolderFilter.doFilter(SecurityContextHolderFilter.java:69) ~[spring-security-web-6.5.1.jar:6.5.1]
	at org.springframework.security.web.FilterChainProxy$VirtualFilterChain.doFilter(FilterChainProxy.java:374) ~[spring-security-web-6.5.1.jar:6.5.1]
	at org.springframework.security.web.context.request.async.WebAsyncManagerIntegrationFilter.doFilterInternal(WebAsyncManagerIntegrationFilter.java:62) ~[spring-security-web-6.5.1.jar:6.5.1]
	at org.springframework.web.filter.OncePerRequestFilter.doFilter(OncePerRequestFilter.java:116) ~[spring-web-6.2.8.jar:6.2.8]
	at org.springframework.security.web.FilterChainProxy$VirtualFilterChain.doFilter(FilterChainProxy.java:374) ~[spring-security-web-6.5.1.jar:6.5.1]
	at org.springframework.security.web.session.DisableEncodeUrlFilter.doFilterInternal(DisableEncodeUrlFilter.java:42) ~[spring-security-web-6.5.1.jar:6.5.1]
	at org.springframework.web.filter.OncePerRequestFilter.doFilter(OncePerRequestFilter.java:116) ~[spring-web-6.2.8.jar:6.2.8]
	at org.springframework.security.web.FilterChainProxy$VirtualFilterChain.doFilter(FilterChainProxy.java:374) ~[spring-security-web-6.5.1.jar:6.5.1]
	at org.springframework.security.web.FilterChainProxy.doFilterInternal(FilterChainProxy.java:233) ~[spring-security-web-6.5.1.jar:6.5.1]
	at org.springframework.security.web.FilterChainProxy.doFilter(FilterChainProxy.java:191) ~[spring-security-web-6.5.1.jar:6.5.1]
	at org.springframework.web.filter.CompositeFilter$VirtualFilterChain.doFilter(CompositeFilter.java:113) ~[spring-web-6.2.8.jar:6.2.8]
	at org.springframework.web.filter.ServletRequestPathFilter.doFilter(ServletRequestPathFilter.java:52) ~[spring-web-6.2.8.jar:6.2.8]
	at org.springframework.web.filter.CompositeFilter$VirtualFilterChain.doFilter(CompositeFilter.java:113) ~[spring-web-6.2.8.jar:6.2.8]
	at org.springframework.web.filter.CompositeFilter.doFilter(CompositeFilter.java:74) ~[spring-web-6.2.8.jar:6.2.8]
	at org.springframework.security.config.annotation.web.configuration.WebSecurityConfiguration$CompositeFilterChainProxy.doFilter(WebSecurityConfiguration.java:319) ~[spring-security-config-6.5.1.jar:6.5.1]
	at org.springframework.web.filter.CompositeFilter$VirtualFilterChain.doFilter(CompositeFilter.java:113) ~[spring-web-6.2.8.jar:6.2.8]
	at org.springframework.web.servlet.handler.HandlerMappingIntrospector.lambda$createCacheFilter$4(HandlerMappingIntrospector.java:267) ~[spring-webmvc-6.2.8.jar:6.2.8]
	at org.springframework.web.filter.CompositeFilter$VirtualFilterChain.doFilter(CompositeFilter.java:113) ~[spring-web-6.2.8.jar:6.2.8]
	at org.springframework.web.filter.CompositeFilter.doFilter(CompositeFilter.java:74) ~[spring-web-6.2.8.jar:6.2.8]
	at org.springframework.security.config.annotation.web.configuration.WebMvcSecurityConfiguration$CompositeFilterChainProxy.doFilter(WebMvcSecurityConfiguration.java:240) ~[spring-security-config-6.5.1.jar:6.5.1]
	at org.springframework.web.filter.DelegatingFilterProxy.invokeDelegate(DelegatingFilterProxy.java:362) ~[spring-web-6.2.8.jar:6.2.8]
	at org.springframework.web.filter.DelegatingFilterProxy.doFilter(DelegatingFilterProxy.java:278) ~[spring-web-6.2.8.jar:6.2.8]
	at org.apache.catalina.core.ApplicationFilterChain.internalDoFilter(ApplicationFilterChain.java:164) ~[tomcat-embed-core-10.1.42.jar:10.1.42]
	at org.apache.catalina.core.ApplicationFilterChain.doFilter(ApplicationFilterChain.java:140) ~[tomcat-embed-core-10.1.42.jar:10.1.42]
	at org.springframework.web.filter.RequestContextFilter.doFilterInternal(RequestContextFilter.java:100) ~[spring-web-6.2.8.jar:6.2.8]
	at org.springframework.web.filter.OncePerRequestFilter.doFilter(OncePerRequestFilter.java:116) ~[spring-web-6.2.8.jar:6.2.8]
	at org.apache.catalina.core.ApplicationFilterChain.internalDoFilter(ApplicationFilterChain.java:164) ~[tomcat-embed-core-10.1.42.jar:10.1.42]
	at org.apache.catalina.core.ApplicationFilterChain.doFilter(ApplicationFilterChain.java:140) ~[tomcat-embed-core-10.1.42.jar:10.1.42]
	at org.springframework.web.filter.FormContentFilter.doFilterInternal(FormContentFilter.java:93) ~[spring-web-6.2.8.jar:6.2.8]
	at org.springframework.web.filter.OncePerRequestFilter.doFilter(OncePerRequestFilter.java:116) ~[spring-web-6.2.8.jar:6.2.8]
	at org.apache.catalina.core.ApplicationFilterChain.internalDoFilter(ApplicationFilterChain.java:164) ~[tomcat-embed-core-10.1.42.jar:10.1.42]
	at org.apache.catalina.core.ApplicationFilterChain.doFilter(ApplicationFilterChain.java:140) ~[tomcat-embed-core-10.1.42.jar:10.1.42]
	at org.springframework.web.filter.CharacterEncodingFilter.doFilterInternal(CharacterEncodingFilter.java:201) ~[spring-web-6.2.8.jar:6.2.8]
	at org.springframework.web.filter.OncePerRequestFilter.doFilter(OncePerRequestFilter.java:116) ~[spring-web-6.2.8.jar:6.2.8]
	at org.apache.catalina.core.ApplicationFilterChain.internalDoFilter(ApplicationFilterChain.java:164) ~[tomcat-embed-core-10.1.42.jar:10.1.42]
	at org.apache.catalina.core.ApplicationFilterChain.doFilter(ApplicationFilterChain.java:140) ~[tomcat-embed-core-10.1.42.jar:10.1.42]
	at org.apache.catalina.core.StandardWrapperValve.invoke(StandardWrapperValve.java:167) ~[tomcat-embed-core-10.1.42.jar:10.1.42]
	at org.apache.catalina.core.StandardContextValve.invoke(StandardContextValve.java:90) ~[tomcat-embed-core-10.1.42.jar:10.1.42]
	at org.apache.catalina.authenticator.AuthenticatorBase.invoke(AuthenticatorBase.java:483) ~[tomcat-embed-core-10.1.42.jar:10.1.42]
	at org.apache.catalina.core.StandardHostValve.invoke(StandardHostValve.java:116) ~[tomcat-embed-core-10.1.42.jar:10.1.42]
	at org.apache.catalina.valves.ErrorReportValve.invoke(ErrorReportValve.java:93) ~[tomcat-embed-core-10.1.42.jar:10.1.42]
	at org.apache.catalina.core.StandardEngineValve.invoke(StandardEngineValve.java:74) ~[tomcat-embed-core-10.1.42.jar:10.1.42]
	at org.apache.catalina.connector.CoyoteAdapter.service(CoyoteAdapter.java:344) ~[tomcat-embed-core-10.1.42.jar:10.1.42]
	at org.apache.coyote.http11.Http11Processor.service(Http11Processor.java:398) ~[tomcat-embed-core-10.1.42.jar:10.1.42]
	at org.apache.coyote.AbstractProcessorLight.process(AbstractProcessorLight.java:63) ~[tomcat-embed-core-10.1.42.jar:10.1.42]
	at org.apache.coyote.AbstractProtocol$ConnectionHandler.process(AbstractProtocol.java:903) ~[tomcat-embed-core-10.1.42.jar:10.1.42]
	at org.apache.tomcat.util.net.NioEndpoint$SocketProcessor.doRun(NioEndpoint.java:1769) ~[tomcat-embed-core-10.1.42.jar:10.1.42]
	at org.apache.tomcat.util.net.SocketProcessorBase.run(SocketProcessorBase.java:52) ~[tomcat-embed-core-10.1.42.jar:10.1.42]
	at org.apache.tomcat.util.threads.ThreadPoolExecutor.runWorker(ThreadPoolExecutor.java:1189) ~[tomcat-embed-core-10.1.42.jar:10.1.42]
	at org.apache.tomcat.util.threads.ThreadPoolExecutor$Worker.run(ThreadPoolExecutor.java:658) ~[tomcat-embed-core-10.1.42.jar:10.1.42]
	at org.apache.tomcat.util.threads.TaskThread$WrappingRunnable.run(TaskThread.java:63) ~[tomcat-embed-core-10.1.42.jar:10.1.42]
	at java.base/java.lang.Thread.run(Thread.java:1583) ~[na:na]

2025-08-24T22:33:47.593+05:30  INFO 16700 --- [serviceHub_backend] [http-nio-8080-exec-8] c.servicehub.controller.UserController   : Profile request for: customer1@gmail.com
2025-08-24T22:33:47.670+05:30  INFO 16700 --- [serviceHub_backend] [http-nio-8080-exec-6] c.s.controller.CustomerController        : Jobs request received from user: customer1@gmail.com
2025-08-24T22:34:31.928+05:30  INFO 16700 --- [serviceHub_backend] [http-nio-8080-exec-9] c.servicehub.controller.UserController   : Profile request for: customer1@gmail.com
2025-08-24T22:34:31.967+05:30  INFO 16700 --- [serviceHub_backend] [http-nio-8080-exec-2] c.s.controller.CustomerController        : Jobs request received from user: customer1@gmail.com
2025-08-24T22:48:32.787+05:30  INFO 16700 --- [serviceHub_backend] [http-nio-8080-exec-8] c.s.controller.CustomerController        : Jobs request received from user: customer1@gmail.com
2025-08-24T22:48:32.787+05:30  INFO 16700 --- [serviceHub_backend] [http-nio-8080-exec-6] c.servicehub.controller.UserController   : Profile request for: customer1@gmail.com
2025-08-24T22:53:15.922+05:30  INFO 16700 --- [serviceHub_backend] [http-nio-8080-exec-9] c.servicehub.controller.UserController   : Profile request for: customer1@gmail.com
2025-08-24T22:53:15.929+05:30  INFO 16700 --- [serviceHub_backend] [http-nio-8080-exec-2] c.s.controller.CustomerController        : Jobs request received from user: customer1@gmail.com
2025-08-24T22:56:31.777+05:30  INFO 16700 --- [serviceHub_backend] [http-nio-8080-exec-5] c.servicehub.controller.UserController   : Profile request for: customer1@gmail.com
2025-08-24T22:56:31.781+05:30  INFO 16700 --- [serviceHub_backend] [http-nio-8080-exec-4] c.s.controller.CustomerController        : Jobs request received from user: customer1@gmail.com
2025-08-24T22:57:03.778+05:30  INFO 16700 --- [serviceHub_backend] [http-nio-8080-exec-6] c.servicehub.controller.UserController   : Profile request for: customer1@gmail.com
2025-08-24T22:57:03.817+05:30  INFO 16700 --- [serviceHub_backend] [http-nio-8080-exec-8] c.s.controller.CustomerController        : Jobs request received from user: customer1@gmail.com
2025-08-24T23:14:19.786+05:30  INFO 16700 --- [serviceHub_backend] [http-nio-8080-exec-1] c.s.controller.ProviderController        : Nearby jobs requested by provider: provider1@gmail.com
2025-08-24T23:14:19.786+05:30  INFO 16700 --- [serviceHub_backend] [http-nio-8080-exec-3] c.servicehub.controller.UserController   : Profile request for: provider1@gmail.com
2025-08-24T23:14:19.819+05:30  INFO 16700 --- [serviceHub_backend] [http-nio-8080-exec-1] c.s.controller.ProviderController        : Found 4 jobs near provider
2025-08-24T23:15:14.116+05:30  INFO 16700 --- [serviceHub_backend] [http-nio-8080-exec-5] c.servicehub.controller.UserController   : Profile request for: customer1@gmail.com
2025-08-24T23:15:14.172+05:30  INFO 16700 --- [serviceHub_backend] [http-nio-8080-exec-4] c.s.controller.CustomerController        : Jobs request received from user: customer1@gmail.com
2025-08-24T23:15:38.941+05:30  INFO 16700 --- [serviceHub_backend] [SpringApplicationShutdownHook] o.s.b.w.e.tomcat.GracefulShutdown        : Commencing graceful shutdown. Waiting for active requests to complete
2025-08-24T23:15:39.033+05:30  INFO 16700 --- [serviceHub_backend] [tomcat-shutdown] o.s.b.w.e.tomcat.GracefulShutdown        : Graceful shutdown complete
2025-08-24T23:15:39.280+05:30  INFO 16700 --- [serviceHub_backend] [SpringApplicationShutdownHook] j.LocalContainerEntityManagerFactoryBean : Closing JPA EntityManagerFactory for persistence unit 'default'
2025-08-24T23:15:39.310+05:30  INFO 16700 --- [serviceHub_backend] [SpringApplicationShutdownHook] com.zaxxer.hikari.HikariDataSource       : HikariPool-1 - Shutdown initiated...
2025-08-24T23:15:39.348+05:30  INFO 16700 --- [serviceHub_backend] [SpringApplicationShutdownHook] com.zaxxer.hikari.HikariDataSource       : HikariPool-1 - Shutdown completed.
2025-08-24T23:16:32.453+05:30  INFO 13984 --- [serviceHub_backend] [main] com.servicehub.Application               : Starting Application using Java 21 with PID 13984 (C:\Users\ramuc\OneDrive\Desktop\serviceHub_backend\target\classes started by ramuc in C:\Users\ramuc\OneDrive\Desktop\serviceHub_backend)
2025-08-24T23:16:32.455+05:30 DEBUG 13984 --- [serviceHub_backend] [main] com.servicehub.Application               : Running with Spring Boot v3.5.3, Spring v6.2.8
2025-08-24T23:16:32.457+05:30  INFO 13984 --- [serviceHub_backend] [main] com.servicehub.Application               : No active profile set, falling back to 1 default profile: "default"
2025-08-24T23:16:33.938+05:30  INFO 13984 --- [serviceHub_backend] [main] .s.d.r.c.RepositoryConfigurationDelegate : Multiple Spring Data modules found, entering strict repository configuration mode
2025-08-24T23:16:33.938+05:30  INFO 13984 --- [serviceHub_backend] [main] .s.d.r.c.RepositoryConfigurationDelegate : Bootstrapping Spring Data JPA repositories in DEFAULT mode.
2025-08-24T23:16:34.245+05:30  INFO 13984 --- [serviceHub_backend] [main] .s.d.r.c.RepositoryConfigurationDelegate : Finished Spring Data repository scanning in 290 ms. Found 7 JPA repository interfaces.
2025-08-24T23:16:34.285+05:30  INFO 13984 --- [serviceHub_backend] [main] .s.d.r.c.RepositoryConfigurationDelegate : Multiple Spring Data modules found, entering strict repository configuration mode
2025-08-24T23:16:34.288+05:30  INFO 13984 --- [serviceHub_backend] [main] .s.d.r.c.RepositoryConfigurationDelegate : Bootstrapping Spring Data Redis repositories in DEFAULT mode.
2025-08-24T23:16:34.335+05:30  INFO 13984 --- [serviceHub_backend] [main] .RepositoryConfigurationExtensionSupport : Spring Data Redis - Could not safely identify store assignment for repository candidate interface com.servicehub.repository.CustomerRepository; If you want this repository to be a Redis repository, consider annotating your entities with one of these annotations: org.springframework.data.redis.core.RedisHash (preferred), or consider extending one of the following types with your repository: org.springframework.data.keyvalue.repository.KeyValueRepository
2025-08-24T23:16:34.338+05:30  INFO 13984 --- [serviceHub_backend] [main] .RepositoryConfigurationExtensionSupport : Spring Data Redis - Could not safely identify store assignment for repository candidate interface com.servicehub.repository.LocationsRepository; If you want this repository to be a Redis repository, consider annotating your entities with one of these annotations: org.springframework.data.redis.core.RedisHash (preferred), or consider extending one of the following types with your repository: org.springframework.data.keyvalue.repository.KeyValueRepository
2025-08-24T23:16:34.338+05:30  INFO 13984 --- [serviceHub_backend] [main] .RepositoryConfigurationExtensionSupport : Spring Data Redis - Could not safely identify store assignment for repository candidate interface com.servicehub.repository.ProposalRepo; If you want this repository to be a Redis repository, consider annotating your entities with one of these annotations: org.springframework.data.redis.core.RedisHash (preferred), or consider extending one of the following types with your repository: org.springframework.data.keyvalue.repository.KeyValueRepository
2025-08-24T23:16:34.338+05:30  INFO 13984 --- [serviceHub_backend] [main] .RepositoryConfigurationExtensionSupport : Spring Data Redis - Could not safely identify store assignment for repository candidate interface com.servicehub.repository.ProviderRepository; If you want this repository to be a Redis repository, consider annotating your entities with one of these annotations: org.springframework.data.redis.core.RedisHash (preferred), or consider extending one of the following types with your repository: org.springframework.data.keyvalue.repository.KeyValueRepository
2025-08-24T23:16:34.338+05:30  INFO 13984 --- [serviceHub_backend] [main] .RepositoryConfigurationExtensionSupport : Spring Data Redis - Could not safely identify store assignment for repository candidate interface com.servicehub.repository.RequestsRepo; If you want this repository to be a Redis repository, consider annotating your entities with one of these annotations: org.springframework.data.redis.core.RedisHash (preferred), or consider extending one of the following types with your repository: org.springframework.data.keyvalue.repository.KeyValueRepository
2025-08-24T23:16:34.338+05:30  INFO 13984 --- [serviceHub_backend] [main] .RepositoryConfigurationExtensionSupport : Spring Data Redis - Could not safely identify store assignment for repository candidate interface com.servicehub.repository.ServiceCategoryRepository; If you want this repository to be a Redis repository, consider annotating your entities with one of these annotations: org.springframework.data.redis.core.RedisHash (preferred), or consider extending one of the following types with your repository: org.springframework.data.keyvalue.repository.KeyValueRepository
2025-08-24T23:16:34.338+05:30  INFO 13984 --- [serviceHub_backend] [main] .RepositoryConfigurationExtensionSupport : Spring Data Redis - Could not safely identify store assignment for repository candidate interface com.servicehub.repository.UserRepository; If you want this repository to be a Redis repository, consider annotating your entities with one of these annotations: org.springframework.data.redis.core.RedisHash (preferred), or consider extending one of the following types with your repository: org.springframework.data.keyvalue.repository.KeyValueRepository
2025-08-24T23:16:34.344+05:30  INFO 13984 --- [serviceHub_backend] [main] .s.d.r.c.RepositoryConfigurationDelegate : Finished Spring Data repository scanning in 27 ms. Found 0 Redis repository interfaces.
2025-08-24T23:16:35.450+05:30  INFO 13984 --- [serviceHub_backend] [main] o.s.b.w.embedded.tomcat.TomcatWebServer  : Tomcat initialized with port 8080 (http)
2025-08-24T23:16:35.465+05:30  INFO 13984 --- [serviceHub_backend] [main] o.apache.catalina.core.StandardService   : Starting service [Tomcat]
2025-08-24T23:16:35.477+05:30  INFO 13984 --- [serviceHub_backend] [main] o.apache.catalina.core.StandardEngine    : Starting Servlet engine: [Apache Tomcat/10.1.42]
2025-08-24T23:16:35.618+05:30  INFO 13984 --- [serviceHub_backend] [main] o.a.c.c.C.[Tomcat].[localhost].[/]       : Initializing Spring embedded WebApplicationContext
2025-08-24T23:16:35.619+05:30  INFO 13984 --- [serviceHub_backend] [main] w.s.c.ServletWebServerApplicationContext : Root WebApplicationContext: initialization completed in 3073 ms
2025-08-24T23:16:35.865+05:30  INFO 13984 --- [serviceHub_backend] [main] o.hibernate.jpa.internal.util.LogHelper  : HHH000204: Processing PersistenceUnitInfo [name: default]
2025-08-24T23:16:35.995+05:30  INFO 13984 --- [serviceHub_backend] [main] org.hibernate.Version                    : HHH000412: Hibernate ORM core version 6.6.18.Final
2025-08-24T23:16:36.015+05:30  INFO 13984 --- [serviceHub_backend] [main] o.h.spatial.integration.SpatialService   : HHH80000001: hibernate-spatial integration enabled : true
2025-08-24T23:16:36.078+05:30  INFO 13984 --- [serviceHub_backend] [main] o.h.c.internal.RegionFactoryInitiator    : HHH000026: Second-level cache disabled
2025-08-24T23:16:36.335+05:30  INFO 13984 --- [serviceHub_backend] [main] com.zaxxer.hikari.HikariDataSource       : HikariPool-1 - Starting...
2025-08-24T23:16:36.659+05:30  INFO 13984 --- [serviceHub_backend] [main] com.zaxxer.hikari.pool.HikariPool        : HikariPool-1 - Added connection org.postgresql.jdbc.PgConnection@6f24ce45
2025-08-24T23:16:36.665+05:30  INFO 13984 --- [serviceHub_backend] [main] com.zaxxer.hikari.HikariDataSource       : HikariPool-1 - Start completed.
2025-08-24T23:16:36.745+05:30  WARN 13984 --- [serviceHub_backend] [main] org.hibernate.orm.deprecation            : HHH90000025: PostgreSQLDialect does not need to be specified explicitly using 'hibernate.dialect' (remove the property setting and it will be selected by default)
2025-08-24T23:16:36.795+05:30  INFO 13984 --- [serviceHub_backend] [main] org.hibernate.orm.connections.pooling    : HHH10001005: Database info:
	Database JDBC URL [Connecting through datasource 'HikariDataSource (HikariPool-1)']
	Database driver: undefined/unknown
	Database version: 17.4
	Autocommit mode: undefined/unknown
	Isolation level: undefined/unknown
	Minimum pool size: undefined/unknown
	Maximum pool size: undefined/unknown
2025-08-24T23:16:36.825+05:30  INFO 13984 --- [serviceHub_backend] [main] org.hibernate.spatial                    : HHH80000003: hibernate-spatial adding type contributions from : org.hibernate.spatial.dialect.postgis.PostgisDialectContributor
2025-08-24T23:16:37.275+05:30  INFO 13984 --- [serviceHub_backend] [main] o.s.o.j.p.SpringPersistenceUnitInfo      : No LoadTimeWeaver setup: ignoring JPA class transformer
2025-08-24T23:16:37.365+05:30  INFO 13984 --- [serviceHub_backend] [main] org.hibernate.spatial                    : HHH80000003: hibernate-spatial adding type contributions from : org.hibernate.spatial.dialect.postgis.PostgisDialectContributor
2025-08-24T23:16:38.065+05:30  INFO 13984 --- [serviceHub_backend] [main] org.hibernate.spatial                    : HHH80000004: hibernate-spatial adding function contributions from : org.hibernate.spatial.dialect.postgis.PostgisDialectContributor
2025-08-24T23:16:39.679+05:30  INFO 13984 --- [serviceHub_backend] [main] o.h.e.t.j.p.i.JtaPlatformInitiator       : HHH000489: No JTA platform available (set 'hibernate.transaction.jta.platform' to enable JTA platform integration)
2025-08-24T23:16:41.065+05:30  INFO 13984 --- [serviceHub_backend] [main] j.LocalContainerEntityManagerFactoryBean : Initialized JPA EntityManagerFactory for persistence unit 'default'
2025-08-24T23:16:42.036+05:30 DEBUG 13984 --- [serviceHub_backend] [main] c.s.security.JwtAuthenticationFilter     : Filter 'jwtAuthenticationFilter' configured for use
2025-08-24T23:16:42.225+05:30  INFO 13984 --- [serviceHub_backend] [main] r$InitializeUserDetailsManagerConfigurer : Global AuthenticationManager configured with UserDetailsService bean with name customUserDetailsService
2025-08-24T23:16:42.405+05:30  INFO 13984 --- [serviceHub_backend] [main] o.s.d.j.r.query.QueryEnhancerFactory     : Hibernate is in classpath; If applicable, HQL parser will be used.
2025-08-24T23:16:45.955+05:30  WARN 13984 --- [serviceHub_backend] [main] JpaBaseConfiguration$JpaWebConfiguration : spring.jpa.open-in-view is enabled by default. Therefore, database queries may be performed during view rendering. Explicitly configure spring.jpa.open-in-view to disable this warning
2025-08-24T23:16:50.016+05:30  INFO 13984 --- [serviceHub_backend] [main] o.s.b.w.embedded.tomcat.TomcatWebServer  : Tomcat started on port 8080 (http) with context path '/'
2025-08-24T23:16:50.050+05:30  INFO 13984 --- [serviceHub_backend] [main] com.servicehub.Application               : Started Application in 18.504 seconds (process running for 19.179)
2025-08-24T23:16:55.294+05:30  INFO 13984 --- [serviceHub_backend] [http-nio-8080-exec-3] o.a.c.c.C.[Tomcat].[localhost].[/]       : Initializing Spring DispatcherServlet 'dispatcherServlet'
2025-08-24T23:16:55.393+05:30  INFO 13984 --- [serviceHub_backend] [http-nio-8080-exec-3] o.s.web.servlet.DispatcherServlet        : Initializing Servlet 'dispatcherServlet'
2025-08-24T23:16:55.430+05:30  INFO 13984 --- [serviceHub_backend] [http-nio-8080-exec-3] o.s.web.servlet.DispatcherServlet        : Completed initialization in 4 ms
2025-08-24T23:16:56.484+05:30  INFO 13984 --- [serviceHub_backend] [http-nio-8080-exec-3] c.servicehub.controller.UserController   : Profile request for: customer1@gmail.com
2025-08-24T23:16:56.484+05:30  INFO 13984 --- [serviceHub_backend] [http-nio-8080-exec-1] c.s.controller.CustomerController        : Jobs request received from user: customer1@gmail.com
2025-08-24T23:27:02.586+05:30  INFO 13984 --- [serviceHub_backend] [SpringApplicationShutdownHook] o.s.b.w.e.tomcat.GracefulShutdown        : Commencing graceful shutdown. Waiting for active requests to complete
2025-08-24T23:27:02.620+05:30  INFO 13984 --- [serviceHub_backend] [tomcat-shutdown] o.s.b.w.e.tomcat.GracefulShutdown        : Graceful shutdown complete
2025-08-24T23:27:02.666+05:30  INFO 13984 --- [serviceHub_backend] [SpringApplicationShutdownHook] j.LocalContainerEntityManagerFactoryBean : Closing JPA EntityManagerFactory for persistence unit 'default'
2025-08-24T23:27:02.666+05:30  INFO 13984 --- [serviceHub_backend] [SpringApplicationShutdownHook] com.zaxxer.hikari.HikariDataSource       : HikariPool-1 - Shutdown initiated...
2025-08-24T23:27:02.690+05:30  INFO 13984 --- [serviceHub_backend] [SpringApplicationShutdownHook] com.zaxxer.hikari.HikariDataSource       : HikariPool-1 - Shutdown completed.
